<?xml version="1.0" encoding="UTF-8"?>
<!-- Generated by org.testng.reporters.JUnitReportReporter -->
<testsuite hostname="evgenia-Dell-G15-5510" failures="0" tests="1" name="AssTest" time="6.765" errors="0" timestamp="2022-12-04T12:41:41 MSK" skipped="0">
  <testcase classname="AssTest" name="openGoogleChromeInChromeTest" time="6.765"/>
  <system-out/>
</testsuite> <!-- AssTest -->
