<?xml version="1.0" encoding="UTF-8"?>
<!-- Generated by org.testng.reporters.JUnitReportReporter -->
<testsuite hostname="evgenia-Dell-G15-5510" failures="0" tests="2" name="SearchTest" time="2.028" errors="0" timestamp="2022-10-22T15:02:11 MSK" skipped="0">
  <testcase classname="SearchTest" name="openGoogleComInChrome2Test" time="0.000"/>
  <system-out/>
  <testcase classname="SearchTest" name="openGoogleChromeInChromeTest" time="2.028"/>
  <system-out/>
</testsuite> <!-- SearchTest -->
