<?xml version="1.0" encoding="UTF-8"?>
<!-- Generated by org.testng.reporters.JUnitReportReporter -->
<testsuite hostname="evgenia-Dell-G15-5510" failures="0" tests="2" name="Patterns.SearchTest" time="10.490" errors="0" timestamp="2022-12-04T12:41:41 MSK" skipped="0">
  <testcase classname="Patterns.SearchTest" name="openGoogleinChrome1" time="5.509"/>
  <system-out/>
  <testcase classname="Patterns.SearchTest" name="openGoogleinChrome1" time="4.981"/>
  <system-out/>
</testsuite> <!-- Patterns.SearchTest -->
